mode: set
github.com/gopaddle-io/configurator/controllers/core/configmap_controller.go:63.101,69.16 4 0
github.com/gopaddle-io/configurator/controllers/core/configmap_controller.go:79.2,82.30 2 0
github.com/gopaddle-io/configurator/controllers/core/configmap_controller.go:156.2,156.27 1 0
github.com/gopaddle-io/configurator/controllers/core/configmap_controller.go:69.16,70.49 1 0
github.com/gopaddle-io/configurator/controllers/core/configmap_controller.go:75.3,75.51 1 0
github.com/gopaddle-io/configurator/controllers/core/configmap_controller.go:70.49,72.4 1 0
github.com/gopaddle-io/configurator/controllers/core/configmap_controller.go:72.9,74.4 1 0
github.com/gopaddle-io/configurator/controllers/core/configmap_controller.go:82.30,86.17 3 0
github.com/gopaddle-io/configurator/controllers/core/configmap_controller.go:90.3,90.30 1 0
github.com/gopaddle-io/configurator/controllers/core/configmap_controller.go:86.17,89.4 2 0
github.com/gopaddle-io/configurator/controllers/core/configmap_controller.go:90.30,93.17 3 0
github.com/gopaddle-io/configurator/controllers/core/configmap_controller.go:99.4,99.39 1 0
github.com/gopaddle-io/configurator/controllers/core/configmap_controller.go:111.4,112.19 2 0
github.com/gopaddle-io/configurator/controllers/core/configmap_controller.go:116.4,116.142 1 0
github.com/gopaddle-io/configurator/controllers/core/configmap_controller.go:93.17,96.5 2 0
github.com/gopaddle-io/configurator/controllers/core/configmap_controller.go:99.39,105.5 5 0
github.com/gopaddle-io/configurator/controllers/core/configmap_controller.go:105.10,109.5 3 0
github.com/gopaddle-io/configurator/controllers/core/configmap_controller.go:112.19,115.5 2 0
github.com/gopaddle-io/configurator/controllers/core/configmap_controller.go:117.9,118.31 1 0
github.com/gopaddle-io/configurator/controllers/core/configmap_controller.go:118.31,119.165 1 0
github.com/gopaddle-io/configurator/controllers/core/configmap_controller.go:119.165,121.21 2 0
github.com/gopaddle-io/configurator/controllers/core/configmap_controller.go:121.21,123.7 1 0
github.com/gopaddle-io/configurator/controllers/core/configmap_controller.go:124.11,126.41 1 0
github.com/gopaddle-io/configurator/controllers/core/configmap_controller.go:138.6,139.21 2 0
github.com/gopaddle-io/configurator/controllers/core/configmap_controller.go:143.6,143.157 1 0
github.com/gopaddle-io/configurator/controllers/core/configmap_controller.go:126.41,132.7 5 0
github.com/gopaddle-io/configurator/controllers/core/configmap_controller.go:132.12,136.7 3 0
github.com/gopaddle-io/configurator/controllers/core/configmap_controller.go:139.21,142.7 2 0
github.com/gopaddle-io/configurator/controllers/core/configmap_controller.go:148.8,151.16 2 0
github.com/gopaddle-io/configurator/controllers/core/configmap_controller.go:151.16,154.4 2 0
github.com/gopaddle-io/configurator/controllers/core/configmap_controller.go:160.72,164.2 1 0
github.com/gopaddle-io/configurator/controllers/core/configmap_controller.go:169.105,199.2 7 0
github.com/gopaddle-io/configurator/controllers/core/configmap_controller.go:202.103,207.16 4 0
github.com/gopaddle-io/configurator/controllers/core/configmap_controller.go:211.2,211.29 1 0
github.com/gopaddle-io/configurator/controllers/core/configmap_controller.go:238.2,238.12 1 0
github.com/gopaddle-io/configurator/controllers/core/configmap_controller.go:207.16,210.3 2 0
github.com/gopaddle-io/configurator/controllers/core/configmap_controller.go:211.29,213.119 1 0
github.com/gopaddle-io/configurator/controllers/core/configmap_controller.go:213.119,216.17 2 0
github.com/gopaddle-io/configurator/controllers/core/configmap_controller.go:221.4,223.19 3 0
github.com/gopaddle-io/configurator/controllers/core/configmap_controller.go:216.17,218.5 1 0
github.com/gopaddle-io/configurator/controllers/core/configmap_controller.go:223.19,226.5 2 0
github.com/gopaddle-io/configurator/controllers/core/configmap_controller.go:227.9,229.164 1 0
github.com/gopaddle-io/configurator/controllers/core/configmap_controller.go:229.164,231.20 2 0
github.com/gopaddle-io/configurator/controllers/core/configmap_controller.go:231.20,233.6 1 0
github.com/gopaddle-io/configurator/controllers/core/configmap_controller.go:242.99,249.15 4 0
github.com/gopaddle-io/configurator/controllers/core/configmap_controller.go:255.2,259.16 4 0
github.com/gopaddle-io/configurator/controllers/core/configmap_controller.go:264.2,266.17 3 0
github.com/gopaddle-io/configurator/controllers/core/configmap_controller.go:271.2,272.12 2 0
github.com/gopaddle-io/configurator/controllers/core/configmap_controller.go:249.15,252.3 2 0
github.com/gopaddle-io/configurator/controllers/core/configmap_controller.go:259.16,261.3 1 0
github.com/gopaddle-io/configurator/controllers/core/configmap_controller.go:266.17,269.3 2 0
github.com/gopaddle-io/configurator/controllers/core/configmap_controller.go:275.153,279.17 3 0
github.com/gopaddle-io/configurator/controllers/core/configmap_controller.go:285.2,289.16 4 0
github.com/gopaddle-io/configurator/controllers/core/configmap_controller.go:293.2,295.17 3 0
github.com/gopaddle-io/configurator/controllers/core/configmap_controller.go:308.2,310.15 3 0
github.com/gopaddle-io/configurator/controllers/core/configmap_controller.go:329.2,333.16 5 0
github.com/gopaddle-io/configurator/controllers/core/configmap_controller.go:336.2,339.48 2 0
github.com/gopaddle-io/configurator/controllers/core/configmap_controller.go:367.2,367.49 1 0
github.com/gopaddle-io/configurator/controllers/core/configmap_controller.go:396.2,396.12 1 0
github.com/gopaddle-io/configurator/controllers/core/configmap_controller.go:279.17,282.3 2 0
github.com/gopaddle-io/configurator/controllers/core/configmap_controller.go:289.16,292.3 2 0
github.com/gopaddle-io/configurator/controllers/core/configmap_controller.go:295.17,301.18 5 0
github.com/gopaddle-io/configurator/controllers/core/configmap_controller.go:305.3,305.14 1 0
github.com/gopaddle-io/configurator/controllers/core/configmap_controller.go:301.18,304.4 2 0
github.com/gopaddle-io/configurator/controllers/core/configmap_controller.go:310.15,315.18 4 0
github.com/gopaddle-io/configurator/controllers/core/configmap_controller.go:319.3,321.18 3 0
github.com/gopaddle-io/configurator/controllers/core/configmap_controller.go:325.3,325.12 1 0
github.com/gopaddle-io/configurator/controllers/core/configmap_controller.go:315.18,318.4 2 0
github.com/gopaddle-io/configurator/controllers/core/configmap_controller.go:321.18,324.4 2 0
github.com/gopaddle-io/configurator/controllers/core/configmap_controller.go:333.16,335.3 1 0
github.com/gopaddle-io/configurator/controllers/core/configmap_controller.go:339.48,342.66 3 0
github.com/gopaddle-io/configurator/controllers/core/configmap_controller.go:342.66,343.22 1 0
github.com/gopaddle-io/configurator/controllers/core/configmap_controller.go:343.22,346.5 2 0
github.com/gopaddle-io/configurator/controllers/core/configmap_controller.go:346.10,353.19 4 0
github.com/gopaddle-io/configurator/controllers/core/configmap_controller.go:358.5,360.20 3 0
github.com/gopaddle-io/configurator/controllers/core/configmap_controller.go:353.19,356.6 2 0
github.com/gopaddle-io/configurator/controllers/core/configmap_controller.go:360.20,363.6 2 0
github.com/gopaddle-io/configurator/controllers/core/configmap_controller.go:367.49,370.66 3 0
github.com/gopaddle-io/configurator/controllers/core/configmap_controller.go:370.66,371.22 1 0
github.com/gopaddle-io/configurator/controllers/core/configmap_controller.go:371.22,374.5 2 0
github.com/gopaddle-io/configurator/controllers/core/configmap_controller.go:374.10,382.19 4 0
github.com/gopaddle-io/configurator/controllers/core/configmap_controller.go:387.5,389.19 3 0
github.com/gopaddle-io/configurator/controllers/core/configmap_controller.go:382.19,385.6 2 0
github.com/gopaddle-io/configurator/controllers/core/configmap_controller.go:389.19,392.6 2 0
github.com/gopaddle-io/configurator/controllers/core/configmap_controller.go:399.35,403.19 4 0
github.com/gopaddle-io/configurator/controllers/core/configmap_controller.go:406.2,406.18 1 0
github.com/gopaddle-io/configurator/controllers/core/configmap_controller.go:403.19,405.3 1 0
github.com/gopaddle-io/configurator/controllers/core/configmap_controller.go:409.41,411.16 2 0
github.com/gopaddle-io/configurator/controllers/core/configmap_controller.go:415.2,415.40 1 0
github.com/gopaddle-io/configurator/controllers/core/configmap_controller.go:411.16,412.13 1 0
github.com/gopaddle-io/configurator/controllers/core/secret_controller.go:62.98,69.16 4 0
github.com/gopaddle-io/configurator/controllers/core/secret_controller.go:79.2,82.29 2 0
github.com/gopaddle-io/configurator/controllers/core/secret_controller.go:166.2,166.27 1 0
github.com/gopaddle-io/configurator/controllers/core/secret_controller.go:69.16,70.49 1 0
github.com/gopaddle-io/configurator/controllers/core/secret_controller.go:75.3,75.51 1 0
github.com/gopaddle-io/configurator/controllers/core/secret_controller.go:70.49,72.4 1 0
github.com/gopaddle-io/configurator/controllers/core/secret_controller.go:72.9,74.4 1 0
github.com/gopaddle-io/configurator/controllers/core/secret_controller.go:82.29,86.17 3 0
github.com/gopaddle-io/configurator/controllers/core/secret_controller.go:91.3,91.29 1 0
github.com/gopaddle-io/configurator/controllers/core/secret_controller.go:86.17,89.4 2 0
github.com/gopaddle-io/configurator/controllers/core/secret_controller.go:91.29,94.17 3 0
github.com/gopaddle-io/configurator/controllers/core/secret_controller.go:100.4,100.36 1 0
github.com/gopaddle-io/configurator/controllers/core/secret_controller.go:111.4,112.19 2 0
github.com/gopaddle-io/configurator/controllers/core/secret_controller.go:116.4,116.135 1 0
github.com/gopaddle-io/configurator/controllers/core/secret_controller.go:94.17,97.5 2 0
github.com/gopaddle-io/configurator/controllers/core/secret_controller.go:100.36,106.5 5 0
github.com/gopaddle-io/configurator/controllers/core/secret_controller.go:106.10,110.5 3 0
github.com/gopaddle-io/configurator/controllers/core/secret_controller.go:112.19,115.5 2 0
github.com/gopaddle-io/configurator/controllers/core/secret_controller.go:117.9,118.30 1 0
github.com/gopaddle-io/configurator/controllers/core/secret_controller.go:118.30,128.207 9 0
github.com/gopaddle-io/configurator/controllers/core/secret_controller.go:128.207,130.21 2 0
github.com/gopaddle-io/configurator/controllers/core/secret_controller.go:130.21,132.7 1 0
github.com/gopaddle-io/configurator/controllers/core/secret_controller.go:134.11,136.38 1 0
github.com/gopaddle-io/configurator/controllers/core/secret_controller.go:147.6,148.21 2 0
github.com/gopaddle-io/configurator/controllers/core/secret_controller.go:152.6,152.147 1 0
github.com/gopaddle-io/configurator/controllers/core/secret_controller.go:136.38,142.7 5 0
github.com/gopaddle-io/configurator/controllers/core/secret_controller.go:142.12,146.7 3 0
github.com/gopaddle-io/configurator/controllers/core/secret_controller.go:148.21,151.7 2 0
github.com/gopaddle-io/configurator/controllers/core/secret_controller.go:157.8,160.16 2 0
github.com/gopaddle-io/configurator/controllers/core/secret_controller.go:160.16,163.4 2 0
github.com/gopaddle-io/configurator/controllers/core/secret_controller.go:170.69,174.2 1 0
github.com/gopaddle-io/configurator/controllers/core/secret_controller.go:179.90,194.38 7 0
github.com/gopaddle-io/configurator/controllers/core/secret_controller.go:203.2,203.32 1 0
github.com/gopaddle-io/configurator/controllers/core/secret_controller.go:206.2,233.20 10 0
github.com/gopaddle-io/configurator/controllers/core/secret_controller.go:194.38,196.16 2 0
github.com/gopaddle-io/configurator/controllers/core/secret_controller.go:196.16,198.4 1 0
github.com/gopaddle-io/configurator/controllers/core/secret_controller.go:198.9,201.4 2 0
github.com/gopaddle-io/configurator/controllers/core/secret_controller.go:203.32,205.3 1 0
github.com/gopaddle-io/configurator/controllers/core/secret_controller.go:237.91,242.16 4 0
github.com/gopaddle-io/configurator/controllers/core/secret_controller.go:246.2,246.28 1 0
github.com/gopaddle-io/configurator/controllers/core/secret_controller.go:281.2,281.12 1 0
github.com/gopaddle-io/configurator/controllers/core/secret_controller.go:242.16,245.3 2 0
github.com/gopaddle-io/configurator/controllers/core/secret_controller.go:246.28,248.109 1 0
github.com/gopaddle-io/configurator/controllers/core/secret_controller.go:248.109,251.17 2 0
github.com/gopaddle-io/configurator/controllers/core/secret_controller.go:256.4,258.19 3 0
github.com/gopaddle-io/configurator/controllers/core/secret_controller.go:251.17,253.5 1 0
github.com/gopaddle-io/configurator/controllers/core/secret_controller.go:258.19,261.5 2 0
github.com/gopaddle-io/configurator/controllers/core/secret_controller.go:262.9,272.206 9 0
github.com/gopaddle-io/configurator/controllers/core/secret_controller.go:272.206,274.20 2 0
github.com/gopaddle-io/configurator/controllers/core/secret_controller.go:274.20,276.6 1 0
github.com/gopaddle-io/configurator/controllers/core/secret_controller.go:285.93,292.15 4 0
github.com/gopaddle-io/configurator/controllers/core/secret_controller.go:298.2,307.16 9 0
github.com/gopaddle-io/configurator/controllers/core/secret_controller.go:312.2,319.17 8 0
github.com/gopaddle-io/configurator/controllers/core/secret_controller.go:324.2,325.12 2 0
github.com/gopaddle-io/configurator/controllers/core/secret_controller.go:292.15,295.3 2 0
github.com/gopaddle-io/configurator/controllers/core/secret_controller.go:307.16,309.3 1 0
github.com/gopaddle-io/configurator/controllers/core/secret_controller.go:319.17,322.3 2 0
github.com/gopaddle-io/configurator/controllers/core/secret_controller.go:328.136,332.17 3 0
github.com/gopaddle-io/configurator/controllers/core/secret_controller.go:339.2,341.16 3 0
github.com/gopaddle-io/configurator/controllers/core/secret_controller.go:345.2,347.17 3 0
github.com/gopaddle-io/configurator/controllers/core/secret_controller.go:359.2,361.15 3 0
github.com/gopaddle-io/configurator/controllers/core/secret_controller.go:380.2,384.16 5 0
github.com/gopaddle-io/configurator/controllers/core/secret_controller.go:387.2,390.45 2 0
github.com/gopaddle-io/configurator/controllers/core/secret_controller.go:418.2,418.46 1 0
github.com/gopaddle-io/configurator/controllers/core/secret_controller.go:447.2,447.12 1 0
github.com/gopaddle-io/configurator/controllers/core/secret_controller.go:332.17,335.3 2 0
github.com/gopaddle-io/configurator/controllers/core/secret_controller.go:341.16,344.3 2 0
github.com/gopaddle-io/configurator/controllers/core/secret_controller.go:347.17,352.18 4 0
github.com/gopaddle-io/configurator/controllers/core/secret_controller.go:356.3,356.14 1 0
github.com/gopaddle-io/configurator/controllers/core/secret_controller.go:352.18,355.4 2 0
github.com/gopaddle-io/configurator/controllers/core/secret_controller.go:361.15,366.18 4 0
github.com/gopaddle-io/configurator/controllers/core/secret_controller.go:370.3,372.18 3 0
github.com/gopaddle-io/configurator/controllers/core/secret_controller.go:376.3,376.12 1 0
github.com/gopaddle-io/configurator/controllers/core/secret_controller.go:366.18,369.4 2 0
github.com/gopaddle-io/configurator/controllers/core/secret_controller.go:372.18,375.4 2 0
github.com/gopaddle-io/configurator/controllers/core/secret_controller.go:384.16,386.3 1 0
github.com/gopaddle-io/configurator/controllers/core/secret_controller.go:390.45,393.63 3 0
github.com/gopaddle-io/configurator/controllers/core/secret_controller.go:393.63,394.22 1 0
github.com/gopaddle-io/configurator/controllers/core/secret_controller.go:394.22,397.5 2 0
github.com/gopaddle-io/configurator/controllers/core/secret_controller.go:397.10,404.19 4 0
github.com/gopaddle-io/configurator/controllers/core/secret_controller.go:409.5,411.19 3 0
github.com/gopaddle-io/configurator/controllers/core/secret_controller.go:404.19,407.6 2 0
github.com/gopaddle-io/configurator/controllers/core/secret_controller.go:411.19,414.6 2 0
github.com/gopaddle-io/configurator/controllers/core/secret_controller.go:418.46,421.63 3 0
github.com/gopaddle-io/configurator/controllers/core/secret_controller.go:421.63,422.22 1 0
github.com/gopaddle-io/configurator/controllers/core/secret_controller.go:422.22,425.5 2 0
github.com/gopaddle-io/configurator/controllers/core/secret_controller.go:425.10,433.19 4 0
github.com/gopaddle-io/configurator/controllers/core/secret_controller.go:438.5,440.19 3 0
github.com/gopaddle-io/configurator/controllers/core/secret_controller.go:433.19,436.6 2 0
github.com/gopaddle-io/configurator/controllers/core/secret_controller.go:440.19,443.6 2 0
github.com/gopaddle-io/configurator/controllers/configurator.gopaddle.io/customconfigmap_controller.go:49.107,55.2 2 0
github.com/gopaddle-io/configurator/controllers/configurator.gopaddle.io/customconfigmap_controller.go:58.78,62.2 1 0
github.com/gopaddle-io/configurator/controllers/configurator.gopaddle.io/customsecret_controller.go:49.104,55.2 2 0
github.com/gopaddle-io/configurator/controllers/configurator.gopaddle.io/customsecret_controller.go:58.75,62.2 1 0
github.com/gopaddle-io/configurator/controllers/configurator.gopaddle.io/purge.go:23.17,25.12 2 0
github.com/gopaddle-io/configurator/controllers/configurator.gopaddle.io/purge.go:25.12,26.42 1 0
github.com/gopaddle-io/configurator/controllers/configurator.gopaddle.io/purge.go:29.3,29.20 1 0
github.com/gopaddle-io/configurator/controllers/configurator.gopaddle.io/purge.go:26.42,28.4 1 0
github.com/gopaddle-io/configurator/controllers/configurator.gopaddle.io/purge.go:34.22,40.16 5 0
github.com/gopaddle-io/configurator/controllers/configurator.gopaddle.io/purge.go:44.2,45.16 2 0
github.com/gopaddle-io/configurator/controllers/configurator.gopaddle.io/purge.go:50.2,51.16 2 0
github.com/gopaddle-io/configurator/controllers/configurator.gopaddle.io/purge.go:54.2,54.34 1 0
github.com/gopaddle-io/configurator/controllers/configurator.gopaddle.io/purge.go:40.16,42.3 1 0
github.com/gopaddle-io/configurator/controllers/configurator.gopaddle.io/purge.go:45.16,47.3 1 0
github.com/gopaddle-io/configurator/controllers/configurator.gopaddle.io/purge.go:51.16,53.3 1 0
github.com/gopaddle-io/configurator/controllers/configurator.gopaddle.io/purge.go:54.34,57.18 2 0
github.com/gopaddle-io/configurator/controllers/configurator.gopaddle.io/purge.go:62.3,62.37 1 0
github.com/gopaddle-io/configurator/controllers/configurator.gopaddle.io/purge.go:146.3,147.19 2 0
github.com/gopaddle-io/configurator/controllers/configurator.gopaddle.io/purge.go:153.3,153.35 1 0
github.com/gopaddle-io/configurator/controllers/configurator.gopaddle.io/purge.go:57.18,59.4 1 0
github.com/gopaddle-io/configurator/controllers/configurator.gopaddle.io/purge.go:62.37,69.21 5 0
github.com/gopaddle-io/configurator/controllers/configurator.gopaddle.io/purge.go:72.4,72.48 1 0
github.com/gopaddle-io/configurator/controllers/configurator.gopaddle.io/purge.go:94.4,95.21 2 0
github.com/gopaddle-io/configurator/controllers/configurator.gopaddle.io/purge.go:99.4,99.38 1 0
github.com/gopaddle-io/configurator/controllers/configurator.gopaddle.io/purge.go:126.4,127.22 2 0
github.com/gopaddle-io/configurator/controllers/configurator.gopaddle.io/purge.go:130.4,130.39 1 0
github.com/gopaddle-io/configurator/controllers/configurator.gopaddle.io/purge.go:69.21,71.5 1 0
github.com/gopaddle-io/configurator/controllers/configurator.gopaddle.io/purge.go:72.48,74.19 2 0
github.com/gopaddle-io/configurator/controllers/configurator.gopaddle.io/purge.go:77.5,79.19 3 0
github.com/gopaddle-io/configurator/controllers/configurator.gopaddle.io/purge.go:83.5,83.37 1 0
github.com/gopaddle-io/configurator/controllers/configurator.gopaddle.io/purge.go:74.19,76.6 1 0
github.com/gopaddle-io/configurator/controllers/configurator.gopaddle.io/purge.go:79.19,81.6 1 0
github.com/gopaddle-io/configurator/controllers/configurator.gopaddle.io/purge.go:83.37,85.49 2 0
github.com/gopaddle-io/configurator/controllers/configurator.gopaddle.io/purge.go:85.49,86.64 1 0
github.com/gopaddle-io/configurator/controllers/configurator.gopaddle.io/purge.go:86.64,88.8 1 0
github.com/gopaddle-io/configurator/controllers/configurator.gopaddle.io/purge.go:95.21,97.5 1 0
github.com/gopaddle-io/configurator/controllers/configurator.gopaddle.io/purge.go:99.38,101.19 2 0
github.com/gopaddle-io/configurator/controllers/configurator.gopaddle.io/purge.go:104.5,106.19 3 0
github.com/gopaddle-io/configurator/controllers/configurator.gopaddle.io/purge.go:110.5,110.43 1 0
github.com/gopaddle-io/configurator/controllers/configurator.gopaddle.io/purge.go:101.19,103.6 1 0
github.com/gopaddle-io/configurator/controllers/configurator.gopaddle.io/purge.go:106.19,108.6 1 0
github.com/gopaddle-io/configurator/controllers/configurator.gopaddle.io/purge.go:110.43,113.19 3 0
github.com/gopaddle-io/configurator/controllers/configurator.gopaddle.io/purge.go:116.6,117.49 2 0
github.com/gopaddle-io/configurator/controllers/configurator.gopaddle.io/purge.go:113.19,115.7 1 0
github.com/gopaddle-io/configurator/controllers/configurator.gopaddle.io/purge.go:117.49,118.64 1 0
github.com/gopaddle-io/configurator/controllers/configurator.gopaddle.io/purge.go:118.64,120.8 1 0
github.com/gopaddle-io/configurator/controllers/configurator.gopaddle.io/purge.go:127.22,129.5 1 0
github.com/gopaddle-io/configurator/controllers/configurator.gopaddle.io/purge.go:130.39,131.98 1 0
github.com/gopaddle-io/configurator/controllers/configurator.gopaddle.io/purge.go:131.98,132.22 1 0
github.com/gopaddle-io/configurator/controllers/configurator.gopaddle.io/purge.go:132.22,135.21 2 0
github.com/gopaddle-io/configurator/controllers/configurator.gopaddle.io/purge.go:135.21,137.8 1 0
github.com/gopaddle-io/configurator/controllers/configurator.gopaddle.io/purge.go:137.13,139.8 1 0
github.com/gopaddle-io/configurator/controllers/configurator.gopaddle.io/purge.go:147.19,149.4 1 0
github.com/gopaddle-io/configurator/controllers/configurator.gopaddle.io/purge.go:153.35,160.21 5 0
github.com/gopaddle-io/configurator/controllers/configurator.gopaddle.io/purge.go:164.4,164.48 1 0
github.com/gopaddle-io/configurator/controllers/configurator.gopaddle.io/purge.go:186.4,187.21 2 0
github.com/gopaddle-io/configurator/controllers/configurator.gopaddle.io/purge.go:191.4,191.38 1 0
github.com/gopaddle-io/configurator/controllers/configurator.gopaddle.io/purge.go:218.4,219.24 2 0
github.com/gopaddle-io/configurator/controllers/configurator.gopaddle.io/purge.go:222.4,222.36 1 0
github.com/gopaddle-io/configurator/controllers/configurator.gopaddle.io/purge.go:160.21,162.5 1 0
github.com/gopaddle-io/configurator/controllers/configurator.gopaddle.io/purge.go:164.48,166.19 2 0
github.com/gopaddle-io/configurator/controllers/configurator.gopaddle.io/purge.go:169.5,171.19 3 0
github.com/gopaddle-io/configurator/controllers/configurator.gopaddle.io/purge.go:175.5,175.37 1 0
github.com/gopaddle-io/configurator/controllers/configurator.gopaddle.io/purge.go:166.19,168.6 1 0
github.com/gopaddle-io/configurator/controllers/configurator.gopaddle.io/purge.go:171.19,173.6 1 0
github.com/gopaddle-io/configurator/controllers/configurator.gopaddle.io/purge.go:175.37,177.49 2 0
github.com/gopaddle-io/configurator/controllers/configurator.gopaddle.io/purge.go:177.49,178.60 1 0
github.com/gopaddle-io/configurator/controllers/configurator.gopaddle.io/purge.go:178.60,180.8 1 0
github.com/gopaddle-io/configurator/controllers/configurator.gopaddle.io/purge.go:187.21,189.5 1 0
github.com/gopaddle-io/configurator/controllers/configurator.gopaddle.io/purge.go:191.38,193.19 2 0
github.com/gopaddle-io/configurator/controllers/configurator.gopaddle.io/purge.go:196.5,198.19 3 0
github.com/gopaddle-io/configurator/controllers/configurator.gopaddle.io/purge.go:202.5,202.43 1 0
github.com/gopaddle-io/configurator/controllers/configurator.gopaddle.io/purge.go:193.19,195.6 1 0
github.com/gopaddle-io/configurator/controllers/configurator.gopaddle.io/purge.go:198.19,200.6 1 0
github.com/gopaddle-io/configurator/controllers/configurator.gopaddle.io/purge.go:202.43,205.19 3 0
github.com/gopaddle-io/configurator/controllers/configurator.gopaddle.io/purge.go:208.6,209.49 2 0
github.com/gopaddle-io/configurator/controllers/configurator.gopaddle.io/purge.go:205.19,207.7 1 0
github.com/gopaddle-io/configurator/controllers/configurator.gopaddle.io/purge.go:209.49,210.60 1 0
github.com/gopaddle-io/configurator/controllers/configurator.gopaddle.io/purge.go:210.60,212.8 1 0
github.com/gopaddle-io/configurator/controllers/configurator.gopaddle.io/purge.go:219.24,221.5 1 0
github.com/gopaddle-io/configurator/controllers/configurator.gopaddle.io/purge.go:222.36,223.92 1 0
github.com/gopaddle-io/configurator/controllers/configurator.gopaddle.io/purge.go:223.92,224.22 1 0
github.com/gopaddle-io/configurator/controllers/configurator.gopaddle.io/purge.go:224.22,227.21 2 0
github.com/gopaddle-io/configurator/controllers/configurator.gopaddle.io/purge.go:227.21,229.8 1 0
github.com/gopaddle-io/configurator/controllers/configurator.gopaddle.io/purge.go:229.13,231.8 1 0
