mode: set
github.com/gopaddle-io/configurator/controllers/configurator.gopaddle.io/customconfigmap_controller.go:49.107,55.2 2 0
github.com/gopaddle-io/configurator/controllers/configurator.gopaddle.io/customconfigmap_controller.go:58.78,62.2 1 0
github.com/gopaddle-io/configurator/controllers/configurator.gopaddle.io/customsecret_controller.go:49.104,55.2 2 0
github.com/gopaddle-io/configurator/controllers/configurator.gopaddle.io/customsecret_controller.go:58.75,62.2 1 0
github.com/gopaddle-io/configurator/controllers/configurator.gopaddle.io/purge.go:23.17,25.12 2 0
github.com/gopaddle-io/configurator/controllers/configurator.gopaddle.io/purge.go:25.12,26.42 1 0
github.com/gopaddle-io/configurator/controllers/configurator.gopaddle.io/purge.go:29.3,29.20 1 0
github.com/gopaddle-io/configurator/controllers/configurator.gopaddle.io/purge.go:26.42,28.4 1 0
github.com/gopaddle-io/configurator/controllers/configurator.gopaddle.io/purge.go:34.22,40.16 5 0
github.com/gopaddle-io/configurator/controllers/configurator.gopaddle.io/purge.go:44.2,45.16 2 0
github.com/gopaddle-io/configurator/controllers/configurator.gopaddle.io/purge.go:50.2,51.16 2 0
github.com/gopaddle-io/configurator/controllers/configurator.gopaddle.io/purge.go:54.2,54.34 1 0
github.com/gopaddle-io/configurator/controllers/configurator.gopaddle.io/purge.go:40.16,42.3 1 0
github.com/gopaddle-io/configurator/controllers/configurator.gopaddle.io/purge.go:45.16,47.3 1 0
github.com/gopaddle-io/configurator/controllers/configurator.gopaddle.io/purge.go:51.16,53.3 1 0
github.com/gopaddle-io/configurator/controllers/configurator.gopaddle.io/purge.go:54.34,57.18 2 0
github.com/gopaddle-io/configurator/controllers/configurator.gopaddle.io/purge.go:62.3,62.37 1 0
github.com/gopaddle-io/configurator/controllers/configurator.gopaddle.io/purge.go:146.3,147.19 2 0
github.com/gopaddle-io/configurator/controllers/configurator.gopaddle.io/purge.go:153.3,153.35 1 0
github.com/gopaddle-io/configurator/controllers/configurator.gopaddle.io/purge.go:57.18,59.4 1 0
github.com/gopaddle-io/configurator/controllers/configurator.gopaddle.io/purge.go:62.37,69.21 5 0
github.com/gopaddle-io/configurator/controllers/configurator.gopaddle.io/purge.go:72.4,72.48 1 0
github.com/gopaddle-io/configurator/controllers/configurator.gopaddle.io/purge.go:94.4,95.21 2 0
github.com/gopaddle-io/configurator/controllers/configurator.gopaddle.io/purge.go:99.4,99.38 1 0
github.com/gopaddle-io/configurator/controllers/configurator.gopaddle.io/purge.go:126.4,127.22 2 0
github.com/gopaddle-io/configurator/controllers/configurator.gopaddle.io/purge.go:130.4,130.39 1 0
github.com/gopaddle-io/configurator/controllers/configurator.gopaddle.io/purge.go:69.21,71.5 1 0
github.com/gopaddle-io/configurator/controllers/configurator.gopaddle.io/purge.go:72.48,74.19 2 0
github.com/gopaddle-io/configurator/controllers/configurator.gopaddle.io/purge.go:77.5,79.19 3 0
github.com/gopaddle-io/configurator/controllers/configurator.gopaddle.io/purge.go:83.5,83.37 1 0
github.com/gopaddle-io/configurator/controllers/configurator.gopaddle.io/purge.go:74.19,76.6 1 0
github.com/gopaddle-io/configurator/controllers/configurator.gopaddle.io/purge.go:79.19,81.6 1 0
github.com/gopaddle-io/configurator/controllers/configurator.gopaddle.io/purge.go:83.37,85.49 2 0
github.com/gopaddle-io/configurator/controllers/configurator.gopaddle.io/purge.go:85.49,86.64 1 0
github.com/gopaddle-io/configurator/controllers/configurator.gopaddle.io/purge.go:86.64,88.8 1 0
github.com/gopaddle-io/configurator/controllers/configurator.gopaddle.io/purge.go:95.21,97.5 1 0
github.com/gopaddle-io/configurator/controllers/configurator.gopaddle.io/purge.go:99.38,101.19 2 0
github.com/gopaddle-io/configurator/controllers/configurator.gopaddle.io/purge.go:104.5,106.19 3 0
github.com/gopaddle-io/configurator/controllers/configurator.gopaddle.io/purge.go:110.5,110.43 1 0
github.com/gopaddle-io/configurator/controllers/configurator.gopaddle.io/purge.go:101.19,103.6 1 0
github.com/gopaddle-io/configurator/controllers/configurator.gopaddle.io/purge.go:106.19,108.6 1 0
github.com/gopaddle-io/configurator/controllers/configurator.gopaddle.io/purge.go:110.43,113.19 3 0
github.com/gopaddle-io/configurator/controllers/configurator.gopaddle.io/purge.go:116.6,117.49 2 0
github.com/gopaddle-io/configurator/controllers/configurator.gopaddle.io/purge.go:113.19,115.7 1 0
github.com/gopaddle-io/configurator/controllers/configurator.gopaddle.io/purge.go:117.49,118.64 1 0
github.com/gopaddle-io/configurator/controllers/configurator.gopaddle.io/purge.go:118.64,120.8 1 0
github.com/gopaddle-io/configurator/controllers/configurator.gopaddle.io/purge.go:127.22,129.5 1 0
github.com/gopaddle-io/configurator/controllers/configurator.gopaddle.io/purge.go:130.39,131.98 1 0
github.com/gopaddle-io/configurator/controllers/configurator.gopaddle.io/purge.go:131.98,132.22 1 0
github.com/gopaddle-io/configurator/controllers/configurator.gopaddle.io/purge.go:132.22,135.21 2 0
github.com/gopaddle-io/configurator/controllers/configurator.gopaddle.io/purge.go:135.21,137.8 1 0
github.com/gopaddle-io/configurator/controllers/configurator.gopaddle.io/purge.go:137.13,139.8 1 0
github.com/gopaddle-io/configurator/controllers/configurator.gopaddle.io/purge.go:147.19,149.4 1 0
github.com/gopaddle-io/configurator/controllers/configurator.gopaddle.io/purge.go:153.35,160.21 5 0
github.com/gopaddle-io/configurator/controllers/configurator.gopaddle.io/purge.go:164.4,164.48 1 0
github.com/gopaddle-io/configurator/controllers/configurator.gopaddle.io/purge.go:186.4,187.21 2 0
github.com/gopaddle-io/configurator/controllers/configurator.gopaddle.io/purge.go:191.4,191.38 1 0
github.com/gopaddle-io/configurator/controllers/configurator.gopaddle.io/purge.go:218.4,219.24 2 0
github.com/gopaddle-io/configurator/controllers/configurator.gopaddle.io/purge.go:222.4,222.36 1 0
github.com/gopaddle-io/configurator/controllers/configurator.gopaddle.io/purge.go:160.21,162.5 1 0
github.com/gopaddle-io/configurator/controllers/configurator.gopaddle.io/purge.go:164.48,166.19 2 0
github.com/gopaddle-io/configurator/controllers/configurator.gopaddle.io/purge.go:169.5,171.19 3 0
github.com/gopaddle-io/configurator/controllers/configurator.gopaddle.io/purge.go:175.5,175.37 1 0
github.com/gopaddle-io/configurator/controllers/configurator.gopaddle.io/purge.go:166.19,168.6 1 0
github.com/gopaddle-io/configurator/controllers/configurator.gopaddle.io/purge.go:171.19,173.6 1 0
github.com/gopaddle-io/configurator/controllers/configurator.gopaddle.io/purge.go:175.37,177.49 2 0
github.com/gopaddle-io/configurator/controllers/configurator.gopaddle.io/purge.go:177.49,178.60 1 0
github.com/gopaddle-io/configurator/controllers/configurator.gopaddle.io/purge.go:178.60,180.8 1 0
github.com/gopaddle-io/configurator/controllers/configurator.gopaddle.io/purge.go:187.21,189.5 1 0
github.com/gopaddle-io/configurator/controllers/configurator.gopaddle.io/purge.go:191.38,193.19 2 0
github.com/gopaddle-io/configurator/controllers/configurator.gopaddle.io/purge.go:196.5,198.19 3 0
github.com/gopaddle-io/configurator/controllers/configurator.gopaddle.io/purge.go:202.5,202.43 1 0
github.com/gopaddle-io/configurator/controllers/configurator.gopaddle.io/purge.go:193.19,195.6 1 0
github.com/gopaddle-io/configurator/controllers/configurator.gopaddle.io/purge.go:198.19,200.6 1 0
github.com/gopaddle-io/configurator/controllers/configurator.gopaddle.io/purge.go:202.43,205.19 3 0
github.com/gopaddle-io/configurator/controllers/configurator.gopaddle.io/purge.go:208.6,209.49 2 0
github.com/gopaddle-io/configurator/controllers/configurator.gopaddle.io/purge.go:205.19,207.7 1 0
github.com/gopaddle-io/configurator/controllers/configurator.gopaddle.io/purge.go:209.49,210.60 1 0
github.com/gopaddle-io/configurator/controllers/configurator.gopaddle.io/purge.go:210.60,212.8 1 0
github.com/gopaddle-io/configurator/controllers/configurator.gopaddle.io/purge.go:219.24,221.5 1 0
github.com/gopaddle-io/configurator/controllers/configurator.gopaddle.io/purge.go:222.36,223.92 1 0
github.com/gopaddle-io/configurator/controllers/configurator.gopaddle.io/purge.go:223.92,224.22 1 0
github.com/gopaddle-io/configurator/controllers/configurator.gopaddle.io/purge.go:224.22,227.21 2 0
github.com/gopaddle-io/configurator/controllers/configurator.gopaddle.io/purge.go:227.21,229.8 1 0
github.com/gopaddle-io/configurator/controllers/configurator.gopaddle.io/purge.go:229.13,231.8 1 0
github.com/gopaddle-io/configurator/controllers/core/configmap_controller.go:63.101,68.16 4 0
github.com/gopaddle-io/configurator/controllers/core/configmap_controller.go:78.2,81.30 2 0
github.com/gopaddle-io/configurator/controllers/core/configmap_controller.go:155.2,155.27 1 0
github.com/gopaddle-io/configurator/controllers/core/configmap_controller.go:68.16,69.49 1 0
github.com/gopaddle-io/configurator/controllers/core/configmap_controller.go:74.3,74.51 1 0
github.com/gopaddle-io/configurator/controllers/core/configmap_controller.go:69.49,71.4 1 0
github.com/gopaddle-io/configurator/controllers/core/configmap_controller.go:71.9,73.4 1 0
github.com/gopaddle-io/configurator/controllers/core/configmap_controller.go:81.30,85.17 3 0
github.com/gopaddle-io/configurator/controllers/core/configmap_controller.go:89.3,89.30 1 0
github.com/gopaddle-io/configurator/controllers/core/configmap_controller.go:85.17,88.4 2 0
github.com/gopaddle-io/configurator/controllers/core/configmap_controller.go:89.30,92.17 3 0
github.com/gopaddle-io/configurator/controllers/core/configmap_controller.go:98.4,98.39 1 0
github.com/gopaddle-io/configurator/controllers/core/configmap_controller.go:110.4,111.19 2 0
github.com/gopaddle-io/configurator/controllers/core/configmap_controller.go:115.4,115.142 1 0
github.com/gopaddle-io/configurator/controllers/core/configmap_controller.go:92.17,95.5 2 0
github.com/gopaddle-io/configurator/controllers/core/configmap_controller.go:98.39,104.5 5 0
github.com/gopaddle-io/configurator/controllers/core/configmap_controller.go:104.10,108.5 3 0
github.com/gopaddle-io/configurator/controllers/core/configmap_controller.go:111.19,114.5 2 0
github.com/gopaddle-io/configurator/controllers/core/configmap_controller.go:116.9,117.31 1 0
github.com/gopaddle-io/configurator/controllers/core/configmap_controller.go:117.31,118.165 1 0
github.com/gopaddle-io/configurator/controllers/core/configmap_controller.go:118.165,120.21 2 0
github.com/gopaddle-io/configurator/controllers/core/configmap_controller.go:120.21,122.7 1 0
github.com/gopaddle-io/configurator/controllers/core/configmap_controller.go:123.11,125.41 1 0
github.com/gopaddle-io/configurator/controllers/core/configmap_controller.go:137.6,138.21 2 0
github.com/gopaddle-io/configurator/controllers/core/configmap_controller.go:142.6,142.157 1 0
github.com/gopaddle-io/configurator/controllers/core/configmap_controller.go:125.41,131.7 5 0
github.com/gopaddle-io/configurator/controllers/core/configmap_controller.go:131.12,135.7 3 0
github.com/gopaddle-io/configurator/controllers/core/configmap_controller.go:138.21,141.7 2 0
github.com/gopaddle-io/configurator/controllers/core/configmap_controller.go:147.8,150.16 2 0
github.com/gopaddle-io/configurator/controllers/core/configmap_controller.go:150.16,153.4 2 0
github.com/gopaddle-io/configurator/controllers/core/configmap_controller.go:159.72,163.2 1 0
github.com/gopaddle-io/configurator/controllers/core/configmap_controller.go:168.105,198.2 7 0
github.com/gopaddle-io/configurator/controllers/core/configmap_controller.go:201.103,206.16 4 0
github.com/gopaddle-io/configurator/controllers/core/configmap_controller.go:210.2,210.29 1 0
github.com/gopaddle-io/configurator/controllers/core/configmap_controller.go:237.2,237.12 1 0
github.com/gopaddle-io/configurator/controllers/core/configmap_controller.go:206.16,209.3 2 0
github.com/gopaddle-io/configurator/controllers/core/configmap_controller.go:210.29,212.119 1 0
github.com/gopaddle-io/configurator/controllers/core/configmap_controller.go:212.119,215.17 2 0
github.com/gopaddle-io/configurator/controllers/core/configmap_controller.go:220.4,222.19 3 0
github.com/gopaddle-io/configurator/controllers/core/configmap_controller.go:215.17,217.5 1 0
github.com/gopaddle-io/configurator/controllers/core/configmap_controller.go:222.19,225.5 2 0
github.com/gopaddle-io/configurator/controllers/core/configmap_controller.go:226.9,228.164 1 0
github.com/gopaddle-io/configurator/controllers/core/configmap_controller.go:228.164,230.20 2 0
github.com/gopaddle-io/configurator/controllers/core/configmap_controller.go:230.20,232.6 1 0
github.com/gopaddle-io/configurator/controllers/core/configmap_controller.go:241.99,248.15 4 0
github.com/gopaddle-io/configurator/controllers/core/configmap_controller.go:254.2,258.16 4 0
github.com/gopaddle-io/configurator/controllers/core/configmap_controller.go:263.2,265.17 3 0
github.com/gopaddle-io/configurator/controllers/core/configmap_controller.go:270.2,271.12 2 0
github.com/gopaddle-io/configurator/controllers/core/configmap_controller.go:248.15,251.3 2 0
github.com/gopaddle-io/configurator/controllers/core/configmap_controller.go:258.16,260.3 1 0
github.com/gopaddle-io/configurator/controllers/core/configmap_controller.go:265.17,268.3 2 0
github.com/gopaddle-io/configurator/controllers/core/configmap_controller.go:274.153,278.17 3 0
github.com/gopaddle-io/configurator/controllers/core/configmap_controller.go:284.2,287.26 3 0
github.com/gopaddle-io/configurator/controllers/core/configmap_controller.go:313.2,315.15 3 0
github.com/gopaddle-io/configurator/controllers/core/configmap_controller.go:334.2,338.16 5 0
github.com/gopaddle-io/configurator/controllers/core/configmap_controller.go:341.2,344.48 2 0
github.com/gopaddle-io/configurator/controllers/core/configmap_controller.go:372.2,372.49 1 0
github.com/gopaddle-io/configurator/controllers/core/configmap_controller.go:401.2,401.12 1 0
github.com/gopaddle-io/configurator/controllers/core/configmap_controller.go:278.17,281.3 2 0
github.com/gopaddle-io/configurator/controllers/core/configmap_controller.go:287.26,289.17 2 0
github.com/gopaddle-io/configurator/controllers/core/configmap_controller.go:292.3,294.18 3 0
github.com/gopaddle-io/configurator/controllers/core/configmap_controller.go:308.3,308.18 1 0
github.com/gopaddle-io/configurator/controllers/core/configmap_controller.go:289.17,291.4 1 0
github.com/gopaddle-io/configurator/controllers/core/configmap_controller.go:294.18,295.86 1 0
github.com/gopaddle-io/configurator/controllers/core/configmap_controller.go:295.86,301.20 5 0
github.com/gopaddle-io/configurator/controllers/core/configmap_controller.go:305.5,305.16 1 0
github.com/gopaddle-io/configurator/controllers/core/configmap_controller.go:301.20,304.6 2 0
github.com/gopaddle-io/configurator/controllers/core/configmap_controller.go:308.18,309.9 1 0
github.com/gopaddle-io/configurator/controllers/core/configmap_controller.go:315.15,320.18 4 0
github.com/gopaddle-io/configurator/controllers/core/configmap_controller.go:324.3,326.18 3 0
github.com/gopaddle-io/configurator/controllers/core/configmap_controller.go:330.3,330.12 1 0
github.com/gopaddle-io/configurator/controllers/core/configmap_controller.go:320.18,323.4 2 0
github.com/gopaddle-io/configurator/controllers/core/configmap_controller.go:326.18,329.4 2 0
github.com/gopaddle-io/configurator/controllers/core/configmap_controller.go:338.16,340.3 1 0
github.com/gopaddle-io/configurator/controllers/core/configmap_controller.go:344.48,347.66 3 0
github.com/gopaddle-io/configurator/controllers/core/configmap_controller.go:347.66,348.22 1 0
github.com/gopaddle-io/configurator/controllers/core/configmap_controller.go:348.22,351.5 2 0
github.com/gopaddle-io/configurator/controllers/core/configmap_controller.go:351.10,358.19 4 0
github.com/gopaddle-io/configurator/controllers/core/configmap_controller.go:363.5,365.20 3 0
github.com/gopaddle-io/configurator/controllers/core/configmap_controller.go:358.19,361.6 2 0
github.com/gopaddle-io/configurator/controllers/core/configmap_controller.go:365.20,368.6 2 0
github.com/gopaddle-io/configurator/controllers/core/configmap_controller.go:372.49,375.66 3 0
github.com/gopaddle-io/configurator/controllers/core/configmap_controller.go:375.66,376.22 1 0
github.com/gopaddle-io/configurator/controllers/core/configmap_controller.go:376.22,379.5 2 0
github.com/gopaddle-io/configurator/controllers/core/configmap_controller.go:379.10,387.19 4 0
github.com/gopaddle-io/configurator/controllers/core/configmap_controller.go:392.5,394.19 3 0
github.com/gopaddle-io/configurator/controllers/core/configmap_controller.go:387.19,390.6 2 0
github.com/gopaddle-io/configurator/controllers/core/configmap_controller.go:394.19,397.6 2 0
github.com/gopaddle-io/configurator/controllers/core/configmap_controller.go:404.35,408.19 4 0
github.com/gopaddle-io/configurator/controllers/core/configmap_controller.go:411.2,411.18 1 0
github.com/gopaddle-io/configurator/controllers/core/configmap_controller.go:408.19,410.3 1 0
github.com/gopaddle-io/configurator/controllers/core/configmap_controller.go:414.41,416.16 2 0
github.com/gopaddle-io/configurator/controllers/core/configmap_controller.go:420.2,420.40 1 0
github.com/gopaddle-io/configurator/controllers/core/configmap_controller.go:416.16,417.13 1 0
github.com/gopaddle-io/configurator/controllers/core/secret_controller.go:62.98,69.16 4 0
github.com/gopaddle-io/configurator/controllers/core/secret_controller.go:79.2,82.29 2 0
github.com/gopaddle-io/configurator/controllers/core/secret_controller.go:193.2,193.27 1 0
github.com/gopaddle-io/configurator/controllers/core/secret_controller.go:69.16,70.49 1 0
github.com/gopaddle-io/configurator/controllers/core/secret_controller.go:75.3,75.51 1 0
github.com/gopaddle-io/configurator/controllers/core/secret_controller.go:70.49,72.4 1 0
github.com/gopaddle-io/configurator/controllers/core/secret_controller.go:72.9,74.4 1 0
github.com/gopaddle-io/configurator/controllers/core/secret_controller.go:82.29,85.17 3 0
github.com/gopaddle-io/configurator/controllers/core/secret_controller.go:89.3,89.29 1 0
github.com/gopaddle-io/configurator/controllers/core/secret_controller.go:85.17,88.4 2 0
github.com/gopaddle-io/configurator/controllers/core/secret_controller.go:89.29,92.17 3 0
github.com/gopaddle-io/configurator/controllers/core/secret_controller.go:98.4,98.36 1 0
github.com/gopaddle-io/configurator/controllers/core/secret_controller.go:109.4,110.19 2 0
github.com/gopaddle-io/configurator/controllers/core/secret_controller.go:114.4,114.131 1 0
github.com/gopaddle-io/configurator/controllers/core/secret_controller.go:92.17,95.5 2 0
github.com/gopaddle-io/configurator/controllers/core/secret_controller.go:98.36,104.5 5 0
github.com/gopaddle-io/configurator/controllers/core/secret_controller.go:104.10,108.5 3 0
github.com/gopaddle-io/configurator/controllers/core/secret_controller.go:110.19,113.5 2 0
github.com/gopaddle-io/configurator/controllers/core/secret_controller.go:115.9,116.30 1 0
github.com/gopaddle-io/configurator/controllers/core/secret_controller.go:116.30,126.57 9 0
github.com/gopaddle-io/configurator/controllers/core/secret_controller.go:126.57,127.208 1 0
github.com/gopaddle-io/configurator/controllers/core/secret_controller.go:127.208,129.22 2 0
github.com/gopaddle-io/configurator/controllers/core/secret_controller.go:129.22,131.8 1 0
github.com/gopaddle-io/configurator/controllers/core/secret_controller.go:133.12,135.39 1 0
github.com/gopaddle-io/configurator/controllers/core/secret_controller.go:146.7,147.22 2 0
github.com/gopaddle-io/configurator/controllers/core/secret_controller.go:151.7,151.144 1 0
github.com/gopaddle-io/configurator/controllers/core/secret_controller.go:135.39,141.8 5 0
github.com/gopaddle-io/configurator/controllers/core/secret_controller.go:141.13,145.8 3 0
github.com/gopaddle-io/configurator/controllers/core/secret_controller.go:147.22,150.8 2 0
github.com/gopaddle-io/configurator/controllers/core/secret_controller.go:153.11,154.120 1 0
github.com/gopaddle-io/configurator/controllers/core/secret_controller.go:154.120,156.22 2 0
github.com/gopaddle-io/configurator/controllers/core/secret_controller.go:156.22,158.8 1 0
github.com/gopaddle-io/configurator/controllers/core/secret_controller.go:160.12,162.39 1 0
github.com/gopaddle-io/configurator/controllers/core/secret_controller.go:173.7,174.22 2 0
github.com/gopaddle-io/configurator/controllers/core/secret_controller.go:178.7,178.144 1 0
github.com/gopaddle-io/configurator/controllers/core/secret_controller.go:162.39,168.8 5 0
github.com/gopaddle-io/configurator/controllers/core/secret_controller.go:168.13,172.8 3 0
github.com/gopaddle-io/configurator/controllers/core/secret_controller.go:174.22,177.8 2 0
github.com/gopaddle-io/configurator/controllers/core/secret_controller.go:184.8,187.16 2 0
github.com/gopaddle-io/configurator/controllers/core/secret_controller.go:187.16,190.4 2 0
github.com/gopaddle-io/configurator/controllers/core/secret_controller.go:197.69,201.2 1 0
github.com/gopaddle-io/configurator/controllers/core/secret_controller.go:206.90,221.38 7 0
github.com/gopaddle-io/configurator/controllers/core/secret_controller.go:230.2,230.32 1 0
github.com/gopaddle-io/configurator/controllers/core/secret_controller.go:233.2,260.20 10 0
github.com/gopaddle-io/configurator/controllers/core/secret_controller.go:221.38,223.16 2 0
github.com/gopaddle-io/configurator/controllers/core/secret_controller.go:223.16,225.4 1 0
github.com/gopaddle-io/configurator/controllers/core/secret_controller.go:225.9,228.4 2 0
github.com/gopaddle-io/configurator/controllers/core/secret_controller.go:230.32,232.3 1 0
github.com/gopaddle-io/configurator/controllers/core/secret_controller.go:264.91,269.16 4 0
github.com/gopaddle-io/configurator/controllers/core/secret_controller.go:273.2,273.28 1 0
github.com/gopaddle-io/configurator/controllers/core/secret_controller.go:317.2,317.12 1 0
github.com/gopaddle-io/configurator/controllers/core/secret_controller.go:269.16,272.3 2 0
github.com/gopaddle-io/configurator/controllers/core/secret_controller.go:273.28,275.109 1 0
github.com/gopaddle-io/configurator/controllers/core/secret_controller.go:275.109,278.17 2 0
github.com/gopaddle-io/configurator/controllers/core/secret_controller.go:283.4,285.19 3 0
github.com/gopaddle-io/configurator/controllers/core/secret_controller.go:278.17,280.5 1 0
github.com/gopaddle-io/configurator/controllers/core/secret_controller.go:285.19,288.5 2 0
github.com/gopaddle-io/configurator/controllers/core/secret_controller.go:289.9,299.56 9 0
github.com/gopaddle-io/configurator/controllers/core/secret_controller.go:299.56,300.207 1 0
github.com/gopaddle-io/configurator/controllers/core/secret_controller.go:300.207,302.21 2 0
github.com/gopaddle-io/configurator/controllers/core/secret_controller.go:302.21,304.7 1 0
github.com/gopaddle-io/configurator/controllers/core/secret_controller.go:307.10,308.119 1 0
github.com/gopaddle-io/configurator/controllers/core/secret_controller.go:308.119,310.21 2 0
github.com/gopaddle-io/configurator/controllers/core/secret_controller.go:310.21,312.7 1 0
github.com/gopaddle-io/configurator/controllers/core/secret_controller.go:321.93,328.15 4 0
github.com/gopaddle-io/configurator/controllers/core/secret_controller.go:334.2,343.16 9 0
github.com/gopaddle-io/configurator/controllers/core/secret_controller.go:348.2,355.17 8 0
github.com/gopaddle-io/configurator/controllers/core/secret_controller.go:360.2,361.12 2 0
github.com/gopaddle-io/configurator/controllers/core/secret_controller.go:328.15,331.3 2 0
github.com/gopaddle-io/configurator/controllers/core/secret_controller.go:343.16,345.3 1 0
github.com/gopaddle-io/configurator/controllers/core/secret_controller.go:355.17,358.3 2 0
github.com/gopaddle-io/configurator/controllers/core/secret_controller.go:364.136,368.17 3 0
github.com/gopaddle-io/configurator/controllers/core/secret_controller.go:375.2,376.26 2 0
github.com/gopaddle-io/configurator/controllers/core/secret_controller.go:401.2,403.15 3 0
github.com/gopaddle-io/configurator/controllers/core/secret_controller.go:422.2,426.16 5 0
github.com/gopaddle-io/configurator/controllers/core/secret_controller.go:429.2,432.45 2 0
github.com/gopaddle-io/configurator/controllers/core/secret_controller.go:460.2,460.46 1 0
github.com/gopaddle-io/configurator/controllers/core/secret_controller.go:489.2,489.12 1 0
github.com/gopaddle-io/configurator/controllers/core/secret_controller.go:368.17,371.3 2 0
github.com/gopaddle-io/configurator/controllers/core/secret_controller.go:376.26,378.17 2 0
github.com/gopaddle-io/configurator/controllers/core/secret_controller.go:381.3,383.18 3 0
github.com/gopaddle-io/configurator/controllers/core/secret_controller.go:396.3,396.18 1 0
github.com/gopaddle-io/configurator/controllers/core/secret_controller.go:378.17,380.4 1 0
github.com/gopaddle-io/configurator/controllers/core/secret_controller.go:383.18,386.86 2 0
github.com/gopaddle-io/configurator/controllers/core/secret_controller.go:386.86,389.20 3 0
github.com/gopaddle-io/configurator/controllers/core/secret_controller.go:393.5,393.16 1 0
github.com/gopaddle-io/configurator/controllers/core/secret_controller.go:389.20,392.6 2 0
github.com/gopaddle-io/configurator/controllers/core/secret_controller.go:396.18,397.9 1 0
github.com/gopaddle-io/configurator/controllers/core/secret_controller.go:403.15,408.18 4 0
github.com/gopaddle-io/configurator/controllers/core/secret_controller.go:412.3,414.18 3 0
github.com/gopaddle-io/configurator/controllers/core/secret_controller.go:418.3,418.12 1 0
github.com/gopaddle-io/configurator/controllers/core/secret_controller.go:408.18,411.4 2 0
github.com/gopaddle-io/configurator/controllers/core/secret_controller.go:414.18,417.4 2 0
github.com/gopaddle-io/configurator/controllers/core/secret_controller.go:426.16,428.3 1 0
github.com/gopaddle-io/configurator/controllers/core/secret_controller.go:432.45,435.63 3 0
github.com/gopaddle-io/configurator/controllers/core/secret_controller.go:435.63,436.22 1 0
github.com/gopaddle-io/configurator/controllers/core/secret_controller.go:436.22,439.5 2 0
github.com/gopaddle-io/configurator/controllers/core/secret_controller.go:439.10,446.19 4 0
github.com/gopaddle-io/configurator/controllers/core/secret_controller.go:451.5,453.19 3 0
github.com/gopaddle-io/configurator/controllers/core/secret_controller.go:446.19,449.6 2 0
github.com/gopaddle-io/configurator/controllers/core/secret_controller.go:453.19,456.6 2 0
github.com/gopaddle-io/configurator/controllers/core/secret_controller.go:460.46,463.63 3 0
github.com/gopaddle-io/configurator/controllers/core/secret_controller.go:463.63,464.22 1 0
github.com/gopaddle-io/configurator/controllers/core/secret_controller.go:464.22,467.5 2 0
github.com/gopaddle-io/configurator/controllers/core/secret_controller.go:467.10,475.19 4 0
github.com/gopaddle-io/configurator/controllers/core/secret_controller.go:480.5,482.19 3 0
github.com/gopaddle-io/configurator/controllers/core/secret_controller.go:475.19,478.6 2 0
github.com/gopaddle-io/configurator/controllers/core/secret_controller.go:482.19,485.6 2 0
